make: `norm_prog' is up to date.
Using OpenMP with   8 threads
 points_per_thread =          125
Thread  0 will take i =      1 through i =    125
Thread  7 will take i =    876 through i =   1000
Thread  1 will take i =    126 through i =    250
Thread  4 will take i =    501 through i =    625
 norm updated to:    7875.0000000000000     
 norm updated to:    78250.000000000000     
 norm updated to:    101750.00000000000     
 norm updated to:    219000.00000000000     
Thread  5 will take i =    626 through i =    750
Thread  6 will take i =    751 through i =    875
Thread  2 will take i =    251 through i =    375
Thread  3 will take i =    376 through i =    500
 norm updated to:    305000.00000000000     
 norm updated to:    359750.00000000000     
 norm updated to:    461375.00000000000     
 norm updated to:    500500.00000000000     
 ynorm updated to:    1.5734265734265732E-002
 ynorm updated to:    6.2687312687312730E-002
 ynorm updated to:   0.23451548451548460     
 ynorm updated to:   0.37512487512487525     
 ynorm updated to:   0.60939060939060929     
 ynorm updated to:   0.71878121878121870     
 ynorm updated to:   0.92182817182817167     
 ynorm updated to:   0.99999999999999989     
 norm of x =    500500.00000000000        n(n+1)/2 =       500500
 ynorm should be 1.0:   ynorm =   0.99999999999999989     
